\BOOKMARK [0][-]{chapter*.4}{\376\377\000A\000b\000s\000t\000r\000a\000c\000t}{}% 1
\BOOKMARK [0][-]{section*.5}{\376\377\000L\000i\000s\000t\000\040\000o\000f\000\040\000F\000i\000g\000u\000r\000e\000s}{}% 2
\BOOKMARK [0][-]{section*.6}{\376\377\000L\000i\000s\000t\000\040\000o\000f\000\040\000T\000a\000b\000l\000e\000s}{}% 3
\BOOKMARK [0][-]{section*.7}{\376\377\000L\000i\000s\000t\000\040\000o\000f\000\040\000C\000o\000d\000e\000\040\000F\000r\000a\000g\000m\000e\000n\000t\000s}{}% 4
\BOOKMARK [0][-]{chapter.1}{\376\377\000I\000n\000t\000r\000o\000d\000u\000c\000t\000i\000o\000n}{}% 5
\BOOKMARK [1][-]{section*.10}{\376\377\000S\000e\000c\000t\000i\000o\000n\000\040\000t\000i\000t\000l\000e}{chapter.1}% 6
\BOOKMARK [0][-]{chapter.2}{\376\377\000T\000i\000t\000l\000e\000\040\000o\000f\000\040\000t\000h\000e\000\040\000s\000e\000c\000o\000n\000d\000\040\000c\000h\000a\000p\000t\000e\000r}{}% 7
\BOOKMARK [1][-]{section*.12}{\376\377\000S\000e\000c\000t\000i\000o\000n\000\040\000t\000i\000t\000l\000e\000\040\0001}{chapter.2}% 8
\BOOKMARK [1][-]{section*.13}{\376\377\000S\000e\000c\000t\000i\000o\000n\000\040\000t\000i\000t\000l\000e\000\040\0002}{chapter.2}% 9
\BOOKMARK [0][-]{chapter.3}{\376\377\000T\000i\000t\000l\000e\000\040\000o\000f\000\040\000t\000h\000e\000\040\000t\000h\000i\000r\000d\000\040\000c\000h\000a\000p\000t\000e\000r}{}% 10
\BOOKMARK [0][-]{chapter.4}{\376\377\000T\000i\000t\000l\000e\000\040\000o\000f\000\040\000t\000h\000e\000\040\000f\000o\000u\000r\000t\000h\000\040\000c\000h\000a\000p\000t\000e\000r}{}% 11
\BOOKMARK [1][-]{section*.14}{\376\377\000S\000e\000c\000t\000i\000o\000n\000\040\000t\000i\000t\000l\000e\000\040\0001}{chapter.4}% 12
\BOOKMARK [1][-]{section*.15}{\376\377\000S\000e\000c\000t\000i\000o\000n\000\040\000t\000i\000t\000l\000e\000\040\0002}{chapter.4}% 13
\BOOKMARK [0][-]{chapter*.16}{\376\377\000C\000o\000n\000c\000l\000u\000s\000i\000o\000n}{}% 14
\BOOKMARK [0][-]{chapter*.17}{\376\377\000F\000u\000t\000u\000r\000e\000\040\000W\000o\000r\000k}{}% 15
\BOOKMARK [0][-]{chapter*.18}{\376\377\000S\000u\000s\000t\000a\000i\000n\000a\000b\000i\000l\000i\000t\000y\000\040\000r\000e\000f\000l\000e\000c\000t\000i\000o\000n}{}% 16
\BOOKMARK [0][-]{chapter*.19}{\376\377\000R\000e\000f\000e\000r\000e\000n\000c\000e\000s}{}% 17
\BOOKMARK [0][-]{section*.20}{\376\377\000A\000p\000p\000e\000n\000d\000i\000c\000e\000s}{}% 18
\BOOKMARK [1][-]{section*.21}{\376\377\000A\000t\000t\000a\000c\000h\000m\000e\000n\000t\000\040\000A}{section*.20}% 19
\BOOKMARK [1][-]{section*.22}{\376\377\000A\000t\000t\000a\000c\000h\000m\000e\000n\000t\000\040\000B}{section*.20}% 20
